<?xml version="1.0" encoding="UTF-8"?>
<!-- Generated by org.testng.reporters.JUnitReportReporter -->
<testsuite hostname="LAPTOP-REMP9JTB" failures="0" tests="4" name="testcase.SignIn" time="0.001" errors="0" timestamp="2023-07-25T22:18:18 ICT" skipped="4">
  <testcase classname="testcase.SignIn" name="SignInTest" time="0.001">
    <skipped/>
  </testcase> <!-- SignInTest -->
  <testcase classname="testcase.SignIn" name="SignInTest" time="0.000">
    <skipped/>
  </testcase> <!-- SignInTest -->
  <testcase classname="testcase.SignIn" name="SignInTest" time="0.000">
    <skipped/>
  </testcase> <!-- SignInTest -->
  <testcase classname="testcase.SignIn" name="SignInTest" time="0.000">
    <skipped/>
  </testcase> <!-- SignInTest -->
</testsuite> <!-- testcase.SignIn -->
